Fold One
plant.1000000 plant%factory
plant.1000001 plant%factory
plant.1000002 plant%factory
plant.1000003 plant%factory
plant.1000004 plant%factory
plant.1000006 plant%factory
plant.1000007 plant%factory
plant.1000008 plant%factory
plant.1000009 plant%factory
plant.1000010 plant%factory
plant.1000011 plant%factory
plant.1000012 plant%factory
plant.1000013 plant%factory
plant.1000014 plant%factory
plant.1000015 plant%factory
plant.1000016 plant%factory
plant.1000017 plant%factory
plant.1000019 plant%factory
plant.1000020 plant%factory
plant.1000021 plant%factory
plant.1000022 plant%factory
plant.1000023 plant%factory
plant.1000024 plant%factory
plant.1000025 plant%factory
plant.1000026 plant%factory
plant.1000027 plant%factory
plant.1000028 plant%factory
plant.1000030 plant%factory
plant.1000031 plant%factory
plant.1000032 plant%factory
plant.1000033 plant%factory
plant.1000034 plant%factory
plant.1000035 plant%factory
plant.1000036 plant%factory
plant.1000037 plant%factory
plant.1000038 plant%factory
plant.1000039 plant%factory
plant.1000040 plant%factory
Fold Two
plant.1000041 plant%factory
plant.1000042 plant%factory
plant.1000043 plant%factory
plant.1000045 plant%factory
plant.1000046 plant%factory
plant.1000047 plant%factory
plant.1000048 plant%factory
plant.1000049 plant%factory
plant.1000050 plant%factory
plant.1000051 plant%factory
plant.1000052 plant%factory
plant.1000053 plant%factory
plant.1000054 plant%factory
plant.1000055 plant%factory
plant.1000056 plant%factory
plant.1000057 plant%factory
plant.1000058 plant%factory
plant.1000059 plant%factory
plant.1000060 plant%factory
plant.1000062 plant%factory
plant.1000063 plant%factory
plant.1000064 plant%factory
plant.1000065 plant%factory
plant.1000067 plant%factory
plant.1000068 plant%factory
plant.1000069 plant%factory
plant.1000071 plant%factory
plant.1000072 plant%factory
plant.1000073 plant%factory
plant.1000074 plant%factory
plant.1000075 plant%factory
plant.1000076 plant%factory
plant.1000077 plant%factory
plant.1000078 plant%factory
plant.1000079 plant%factory
plant.1000080 plant%factory
plant.1000081 plant%factory
plant.1000082 plant%factory
Fold Three
plant.1000083 plant%factory
plant.1000084 plant%factory
plant.1000085 plant%factory
plant.1000086 plant%factory
plant.1000087 plant%factory
plant.1000088 plant%factory
plant.1000089 plant%factory
plant.1000090 plant%factory
plant.1000091 plant%factory
plant.1000092 plant%factory
plant.1000093 plant%factory
plant.1000094 plant%factory
plant.1000095 plant%factory
plant.1000096 plant%factory
plant.1000097 plant%factory
plant.1000098 plant%factory
plant.1000099 plant%factory
plant.1000100 plant%factory
plant.1000101 plant%factory
plant.1000102 plant%factory
plant.1000103 plant%factory
plant.1000104 plant%factory
plant.1000105 plant%factory
plant.1000106 plant%factory
plant.1000107 plant%factory
plant.1000108 plant%factory
plant.1000109 plant%factory
plant.1000110 plant%factory
plant.1000112 plant%factory
plant.1000113 plant%factory
plant.1000114 plant%factory
plant.1000115 plant%factory
plant.1000116 plant%factory
plant.1000117 plant%factory
plant.1000118 plant%factory
plant.1000119 plant%factory
plant.1000120 plant%factory
plant.1000121 plant%factory
Fold Four
plant.1000122 plant%factory
plant.1000123 plant%factory
plant.1000124 plant%factory
plant.1000125 plant%factory
plant.1000126 plant%factory
plant.1000127 plant%factory
plant.1000128 plant%factory
plant.1000129 plant%factory
plant.1000130 plant%factory
plant.1000131 plant%factory
plant.1000132 plant%factory
plant.1000133 plant%factory
plant.1000134 plant%factory
plant.1000135 plant%factory
plant.1000136 plant%factory
plant.1000137 plant%factory
plant.1000138 plant%factory
plant.1000139 plant%factory
plant.1000140 plant%factory
plant.1000141 plant%factory
plant.1000142 plant%living
plant.1000143 plant%factory
plant.1000144 plant%factory
plant.1000145 plant%factory
plant.1000146 plant%factory
plant.1000147 plant%factory
plant.1000148 plant%factory
plant.1000149 plant%factory
plant.1000150 plant%factory
plant.1000151 plant%factory
plant.1000152 plant%factory
plant.1000153 plant%factory
plant.1000154 plant%factory
plant.1000155 plant%factory
plant.1000156 plant%factory
plant.1000157 plant%factory
plant.1000159 plant%living
plant.1000160 plant%factory
Fold Five
plant.1000161 plant%factory
plant.1000162 plant%factory
plant.1000163 plant%factory
plant.1000164 plant%factory
plant.1000166 plant%factory
plant.1000167 plant%factory
plant.1000168 plant%factory
plant.1000169 plant%factory
plant.1000170 plant%factory
plant.1000171 plant%factory
plant.1000172 plant%factory
plant.1000173 plant%factory
plant.1000174 plant%factory
plant.1000175 plant%factory
plant.1000176 plant%factory
plant.1000177 plant%factory
plant.1000178 plant%factory
plant.1000180 plant%factory
plant.1000181 plant%factory
plant.1000182 plant%factory
plant.1000183 plant%factory
plant.1000184 plant%factory
plant.1000185 plant%factory
plant.1000186 plant%factory
plant.1000187 plant%factory
plant.1000188 plant%factory
plant.1000189 plant%factory
plant.1000190 plant%factory
plant.1000191 plant%factory
plant.1000192 plant%factory
plant.1000193 plant%factory
plant.1000195 plant%factory
plant.1000197 plant%factory
plant.1000198 plant%factory
plant.1000199 plant%factory
plant.1000200 plant%factory
